[2020/06/10 13:45:11.966] [TID:1] [Program.Main => MainServer.CreateStartServer => NLogLog.Info]: 서버 초기화 성공
[2020/06/10 13:45:11.981] [TID:1] [MainServer.CreateStartServer => MainServer.CreateComponent => NLogLog.Info]: CreateComponent - Success
[2020/06/10 13:45:12.008] [TID:1] [AsyncSocketServer.Start => SocketServerBase.Start => NLogLog.DebugFormat]: Listener (0.0.0.0:12021) was started
[2020/06/10 13:45:12.008] [TID:1] [AppServer`2.Start => AppServerBase`2.Start => NLogLog.Info]: The server instance OMKServer has been started!
[2020/06/10 13:45:12.008] [TID:1] [Program.Main => MainServer.CreateStartServer => NLogLog.Info]: 서버 생성 성공
[2020/06/10 13:45:12.008] [TID:1] [Program.Main => NLogLog.Info]: Press q to shut down the server
[2020/06/10 13:45:17.523] [TID:4] [<>c__DisplayClass133_0.<OnNewSessionConnected>b__0 => MainServer.OnConnected => NLogLog.Info]: 세션 번호 c30cc2fe-1a59-4860-a426-e24777bb76fb 접속
[2020/06/10 13:45:17.523] [TID:9] [PacketProcessor.Process => PKHCommon.NotifyInConnectClient => NLogLog.Debug]: Current Connected Session Count : 1
[2020/06/10 13:45:17.563] [TID:4] [AppServerBase`2.ExecuteCommand => MainServer.OnPacketReceived => NLogLog.Debug]: 세션 번호 c30cc2fe-1a59-4860-a426-e24777bb76fb 받은 데이터 크기 : 10 ThreadID : 4
[2020/06/10 13:45:17.565] [TID:9] [PacketProcessor.Process => PKHCommon.RequestLogin => NLogLog.Debug]: 로그인 요청 받음
[2020/06/10 13:45:17.646] [TID:9] [PacketProcessor.Process => PKHCommon.RequestLogin => NLogLog.Debug]: 로그인 요청 답변 보냄
[2020/06/10 13:45:17.660] [TID:5] [AppServerBase`2.ExecuteCommand => MainServer.OnPacketReceived => NLogLog.Debug]: 세션 번호 c30cc2fe-1a59-4860-a426-e24777bb76fb 받은 데이터 크기 : 2 ThreadID : 5
[2020/06/10 13:45:17.660] [TID:9] [PacketProcessor.Process => PKHRoom.RequestRoomEnter => NLogLog.Debug]: RequestRoonEnter
[2020/06/10 13:45:17.660] [TID:9] [PKHRoom.RequestRoomEnter => PKHRoom.ResponseEnterRoomToClient => NLogLog.Info]: RoomEnterResponse
[2020/06/10 13:45:17.660] [TID:9] [PacketProcessor.Process => PKHRoom.RequestRoomEnter => NLogLog.Debug]: RequestEnterInternal = Success, UserPos : 0
[2020/06/10 13:45:25.179] [TID:4] [<>c__DisplayClass133_0.<OnNewSessionConnected>b__0 => MainServer.OnConnected => NLogLog.Info]: 세션 번호 c8f40373-cece-486f-97cd-922df052b089 접속
[2020/06/10 13:45:25.179] [TID:9] [PacketProcessor.Process => PKHCommon.NotifyInConnectClient => NLogLog.Debug]: Current Connected Session Count : 2
[2020/06/10 13:45:25.201] [TID:5] [AppServerBase`2.ExecuteCommand => MainServer.OnPacketReceived => NLogLog.Debug]: 세션 번호 c8f40373-cece-486f-97cd-922df052b089 받은 데이터 크기 : 10 ThreadID : 5
[2020/06/10 13:45:25.201] [TID:9] [PacketProcessor.Process => PKHCommon.RequestLogin => NLogLog.Debug]: 로그인 요청 받음
[2020/06/10 13:46:30.512] [TID:1] [SocketListenerBase.OnStopped => SocketServerBase.OnListenerStopped => NLogLog.DebugFormat]: Listener (0.0.0.0:12021) was stoppped
[2020/06/10 13:46:30.512] [TID:1] [AppServer`2.Stop => AppServerBase`2.Stop => NLogLog.Info]: The server instance OMKServer has been stopped!
[2020/06/10 13:46:30.512] [TID:14] [<>c__DisplayClass141_0.<OnSessionClosed>b__0 => MainServer.OnClosed => NLogLog.Info]: 세션 번호 c30cc2fe-1a59-4860-a426-e24777bb76fb 접속 해제 : ServerShutdown
[2020/06/10 13:46:30.512] [TID:11] [<>c__DisplayClass141_0.<OnSessionClosed>b__0 => MainServer.OnClosed => NLogLog.Info]: 세션 번호 c8f40373-cece-486f-97cd-922df052b089 접속 해제 : ServerShutdown
[2020/06/10 13:46:38.185] [TID:1] [Program.Main => MainServer.CreateStartServer => NLogLog.Info]: 서버 초기화 성공
[2020/06/10 13:46:38.200] [TID:1] [MainServer.CreateStartServer => MainServer.CreateComponent => NLogLog.Info]: CreateComponent - Success
[2020/06/10 13:46:38.229] [TID:1] [AsyncSocketServer.Start => SocketServerBase.Start => NLogLog.DebugFormat]: Listener (0.0.0.0:12021) was started
[2020/06/10 13:46:38.229] [TID:1] [AppServer`2.Start => AppServerBase`2.Start => NLogLog.Info]: The server instance OMKServer has been started!
[2020/06/10 13:46:38.229] [TID:1] [Program.Main => MainServer.CreateStartServer => NLogLog.Info]: 서버 생성 성공
[2020/06/10 13:46:38.229] [TID:1] [Program.Main => NLogLog.Info]: Press q to shut down the server
[2020/06/10 13:46:41.518] [TID:5] [<>c__DisplayClass133_0.<OnNewSessionConnected>b__0 => MainServer.OnConnected => NLogLog.Info]: 세션 번호 48e1674b-703d-4847-8b84-a3a16d87c63b 접속
[2020/06/10 13:46:41.519] [TID:9] [PacketProcessor.Process => PKHCommon.NotifyInConnectClient => NLogLog.Debug]: Current Connected Session Count : 1
[2020/06/10 13:46:41.519] [TID:4] [AppServerBase`2.ExecuteCommand => MainServer.OnPacketReceived => NLogLog.Debug]: 세션 번호 48e1674b-703d-4847-8b84-a3a16d87c63b 받은 데이터 크기 : 10 ThreadID : 4
[2020/06/10 13:46:41.519] [TID:9] [PacketProcessor.Process => PKHCommon.RequestLogin => NLogLog.Debug]: 로그인 요청 받음
[2020/06/10 13:46:41.605] [TID:9] [PacketProcessor.Process => PKHCommon.RequestLogin => NLogLog.Debug]: 로그인 요청 답변 보냄
[2020/06/10 13:46:44.510] [TID:8] [<>c__DisplayClass141_0.<OnSessionClosed>b__0 => MainServer.OnClosed => NLogLog.Info]: 세션 번호 48e1674b-703d-4847-8b84-a3a16d87c63b 접속 해제 : ClientClosing
[2020/06/10 13:46:44.510] [TID:9] [PacketProcessor.Process => PKHCommon.NotifyInDisConnectClient => NLogLog.Debug]: Current Connected Session Count : 0
[2020/06/10 13:46:45.658] [TID:4] [<>c__DisplayClass133_0.<OnNewSessionConnected>b__0 => MainServer.OnConnected => NLogLog.Info]: 세션 번호 9a95e7fb-2db7-421b-88e4-4d27ef349ac0 접속
[2020/06/10 13:46:45.658] [TID:9] [PacketProcessor.Process => PKHCommon.NotifyInConnectClient => NLogLog.Debug]: Current Connected Session Count : 1
[2020/06/10 13:46:45.664] [TID:4] [AppServerBase`2.ExecuteCommand => MainServer.OnPacketReceived => NLogLog.Debug]: 세션 번호 9a95e7fb-2db7-421b-88e4-4d27ef349ac0 받은 데이터 크기 : 10 ThreadID : 4
[2020/06/10 13:46:45.664] [TID:9] [PacketProcessor.Process => PKHCommon.RequestLogin => NLogLog.Debug]: 로그인 요청 받음
[2020/06/10 13:46:45.664] [TID:9] [PacketProcessor.Process => PKHCommon.RequestLogin => NLogLog.Debug]: 로그인 요청 답변 보냄
[2020/06/10 13:46:46.675] [TID:8] [<>c__DisplayClass141_0.<OnSessionClosed>b__0 => MainServer.OnClosed => NLogLog.Info]: 세션 번호 9a95e7fb-2db7-421b-88e4-4d27ef349ac0 접속 해제 : ClientClosing
[2020/06/10 13:46:46.675] [TID:9] [PacketProcessor.Process => PKHCommon.NotifyInDisConnectClient => NLogLog.Debug]: Current Connected Session Count : 0
[2020/06/10 13:47:01.111] [TID:13] [<>c__DisplayClass133_0.<OnNewSessionConnected>b__0 => MainServer.OnConnected => NLogLog.Info]: 세션 번호 a16c71a1-dc1f-4aca-98d3-7bb39b57c148 접속
[2020/06/10 13:47:01.111] [TID:9] [PacketProcessor.Process => PKHCommon.NotifyInConnectClient => NLogLog.Debug]: Current Connected Session Count : 1
[2020/06/10 13:47:01.161] [TID:6] [AppServerBase`2.ExecuteCommand => MainServer.OnPacketReceived => NLogLog.Debug]: 세션 번호 a16c71a1-dc1f-4aca-98d3-7bb39b57c148 받은 데이터 크기 : 10 ThreadID : 6
[2020/06/10 13:47:01.161] [TID:9] [PacketProcessor.Process => PKHCommon.RequestLogin => NLogLog.Debug]: 로그인 요청 받음
[2020/06/10 13:47:01.161] [TID:9] [PacketProcessor.Process => PKHCommon.RequestLogin => NLogLog.Debug]: 로그인 요청 답변 보냄
[2020/06/10 13:47:01.184] [TID:4] [AppServerBase`2.ExecuteCommand => MainServer.OnPacketReceived => NLogLog.Debug]: 세션 번호 a16c71a1-dc1f-4aca-98d3-7bb39b57c148 받은 데이터 크기 : 2 ThreadID : 4
[2020/06/10 13:47:01.184] [TID:9] [PacketProcessor.Process => PKHRoom.RequestRoomEnter => NLogLog.Debug]: RequestRoonEnter
[2020/06/10 13:47:01.195] [TID:9] [PKHRoom.RequestRoomEnter => PKHRoom.ResponseEnterRoomToClient => NLogLog.Info]: RoomEnterResponse
[2020/06/10 13:47:01.195] [TID:9] [PacketProcessor.Process => PKHRoom.RequestRoomEnter => NLogLog.Debug]: RequestEnterInternal = Success, UserPos : 0
[2020/06/10 13:47:04.316] [TID:13] [<>c__DisplayClass133_0.<OnNewSessionConnected>b__0 => MainServer.OnConnected => NLogLog.Info]: 세션 번호 6045ea2d-421a-4f92-b1e1-36be93559217 접속
[2020/06/10 13:47:04.316] [TID:9] [PacketProcessor.Process => PKHCommon.NotifyInConnectClient => NLogLog.Debug]: Current Connected Session Count : 2
[2020/06/10 13:47:04.336] [TID:13] [AppServerBase`2.ExecuteCommand => MainServer.OnPacketReceived => NLogLog.Debug]: 세션 번호 6045ea2d-421a-4f92-b1e1-36be93559217 받은 데이터 크기 : 10 ThreadID : 13
[2020/06/10 13:47:04.336] [TID:9] [PacketProcessor.Process => PKHCommon.RequestLogin => NLogLog.Debug]: 로그인 요청 받음
[2020/06/10 13:47:06.590] [TID:8] [<>c__DisplayClass133_0.<OnNewSessionConnected>b__0 => MainServer.OnConnected => NLogLog.Info]: 세션 번호 6a67e506-89eb-41f2-8a53-c164f13e0ec3 접속
[2020/06/10 13:47:06.590] [TID:9] [PacketProcessor.Process => PKHCommon.NotifyInConnectClient => NLogLog.Debug]: Current Connected Session Count : 3
[2020/06/10 13:47:06.590] [TID:8] [AppServerBase`2.ExecuteCommand => MainServer.OnPacketReceived => NLogLog.Debug]: 세션 번호 6a67e506-89eb-41f2-8a53-c164f13e0ec3 받은 데이터 크기 : 16 ThreadID : 8
[2020/06/10 13:47:06.590] [TID:9] [PacketProcessor.Process => PKHCommon.RequestLogin => NLogLog.Debug]: 로그인 요청 받음
[2020/06/10 13:47:06.993] [TID:5] [<>c__DisplayClass141_0.<OnSessionClosed>b__0 => MainServer.OnClosed => NLogLog.Info]: 세션 번호 6045ea2d-421a-4f92-b1e1-36be93559217 접속 해제 : ClientClosing
[2020/06/10 13:47:06.993] [TID:9] [PacketProcessor.Process => PKHCommon.NotifyInDisConnectClient => NLogLog.Debug]: Current Connected Session Count : 2
[2020/06/10 13:47:06.993] [TID:9] [PacketProcessor.Process => PKHRoom.NotifyLeaveInternal => NLogLog.Debug]: NotifyLeaveInternal. SessionIndex:-1
[2020/06/10 13:47:06.993] [TID:9] [PKHRoom.NotifyLeaveInternal => PKHRoom.LeaveRoomUser => NLogLog.Debug]: LeaveRoomUser. SessionIndex:-1
[2020/06/10 13:47:43.060] [TID:1] [SocketListenerBase.OnStopped => SocketServerBase.OnListenerStopped => NLogLog.DebugFormat]: Listener (0.0.0.0:12021) was stoppped
[2020/06/10 13:47:43.060] [TID:1] [AppServer`2.Stop => AppServerBase`2.Stop => NLogLog.Info]: The server instance OMKServer has been stopped!
[2020/06/10 13:47:43.060] [TID:14] [<>c__DisplayClass141_0.<OnSessionClosed>b__0 => MainServer.OnClosed => NLogLog.Info]: 세션 번호 a16c71a1-dc1f-4aca-98d3-7bb39b57c148 접속 해제 : ServerShutdown
[2020/06/10 13:47:43.060] [TID:17] [<>c__DisplayClass141_0.<OnSessionClosed>b__0 => MainServer.OnClosed => NLogLog.Info]: 세션 번호 6a67e506-89eb-41f2-8a53-c164f13e0ec3 접속 해제 : ServerShutdown
[2020/06/10 13:49:26.963] [TID:1] [Program.Main => MainServer.CreateStartServer => NLogLog.Info]: 서버 초기화 성공
[2020/06/10 13:49:27.000] [TID:1] [MainServer.CreateStartServer => MainServer.CreateComponent => NLogLog.Info]: CreateComponent - Success
[2020/06/10 13:49:27.028] [TID:1] [AsyncSocketServer.Start => SocketServerBase.Start => NLogLog.DebugFormat]: Listener (0.0.0.0:12021) was started
[2020/06/10 13:49:27.028] [TID:1] [AppServer`2.Start => AppServerBase`2.Start => NLogLog.Info]: The server instance OMKServer has been started!
[2020/06/10 13:49:27.028] [TID:1] [Program.Main => MainServer.CreateStartServer => NLogLog.Info]: 서버 생성 성공
[2020/06/10 13:49:27.028] [TID:1] [Program.Main => NLogLog.Info]: Press q to shut down the server
[2020/06/10 13:49:31.173] [TID:6] [<>c__DisplayClass133_0.<OnNewSessionConnected>b__0 => MainServer.OnConnected => NLogLog.Info]: 세션 번호 9305836e-4fba-4b65-a5e7-f723d5314869 접속
[2020/06/10 13:49:31.178] [TID:9] [PacketProcessor.Process => PKHCommon.NotifyInConnectClient => NLogLog.Debug]: Current Connected Session Count : 1
[2020/06/10 13:49:31.211] [TID:4] [AppServerBase`2.ExecuteCommand => MainServer.OnPacketReceived => NLogLog.Debug]: 세션 번호 9305836e-4fba-4b65-a5e7-f723d5314869 받은 데이터 크기 : 10 ThreadID : 4
[2020/06/10 13:49:31.211] [TID:9] [PacketProcessor.Process => PKHCommon.RequestLogin => NLogLog.Debug]: 로그인 요청 받음
[2020/06/10 13:49:31.302] [TID:9] [PacketProcessor.Process => PKHCommon.RequestLogin => NLogLog.Debug]: 로그인 요청 답변 보냄
[2020/06/10 13:49:31.324] [TID:4] [AppServerBase`2.ExecuteCommand => MainServer.OnPacketReceived => NLogLog.Debug]: 세션 번호 9305836e-4fba-4b65-a5e7-f723d5314869 받은 데이터 크기 : 2 ThreadID : 4
[2020/06/10 13:49:31.324] [TID:9] [PacketProcessor.Process => PKHRoom.RequestRoomEnter => NLogLog.Debug]: RequestRoonEnter
[2020/06/10 13:49:31.332] [TID:9] [PKHRoom.RequestRoomEnter => PKHRoom.ResponseEnterRoomToClient => NLogLog.Info]: RoomEnterResponse
[2020/06/10 13:49:31.332] [TID:9] [PacketProcessor.Process => PKHRoom.RequestRoomEnter => NLogLog.Debug]: RequestEnterInternal = Success, UserPos : 0
[2020/06/10 13:49:33.982] [TID:7] [<>c__DisplayClass133_0.<OnNewSessionConnected>b__0 => MainServer.OnConnected => NLogLog.Info]: 세션 번호 58bbb4fd-94df-4465-a1a9-8c1a6bb85648 접속
[2020/06/10 13:49:33.982] [TID:9] [PacketProcessor.Process => PKHCommon.NotifyInConnectClient => NLogLog.Debug]: Current Connected Session Count : 2
[2020/06/10 13:49:34.029] [TID:4] [AppServerBase`2.ExecuteCommand => MainServer.OnPacketReceived => NLogLog.Debug]: 세션 번호 58bbb4fd-94df-4465-a1a9-8c1a6bb85648 받은 데이터 크기 : 16 ThreadID : 4
[2020/06/10 13:49:34.029] [TID:9] [PacketProcessor.Process => PKHCommon.RequestLogin => NLogLog.Debug]: 로그인 요청 받음
[2020/06/10 13:50:09.042] [TID:6] [<>c__DisplayClass141_0.<OnSessionClosed>b__0 => MainServer.OnClosed => NLogLog.Info]: 세션 번호 9305836e-4fba-4b65-a5e7-f723d5314869 접속 해제 : ClientClosing
[2020/06/10 13:50:09.042] [TID:9] [PacketProcessor.Process => PKHCommon.NotifyInDisConnectClient => NLogLog.Debug]: Current Connected Session Count : 1
[2020/06/10 13:50:09.042] [TID:9] [PacketProcessor.Process => PKHRoom.NotifyLeaveInternal => NLogLog.Debug]: NotifyLeaveInternal. SessionIndex:-1
[2020/06/10 13:50:09.042] [TID:9] [PKHRoom.NotifyLeaveInternal => PKHRoom.LeaveRoomUser => NLogLog.Debug]: LeaveRoomUser. SessionIndex:-1
[2020/06/10 13:50:09.976] [TID:12] [<>c__DisplayClass141_0.<OnSessionClosed>b__0 => MainServer.OnClosed => NLogLog.Info]: 세션 번호 58bbb4fd-94df-4465-a1a9-8c1a6bb85648 접속 해제 : ClientClosing
[2020/06/10 13:50:09.976] [TID:9] [PacketProcessor.Process => PKHCommon.NotifyInDisConnectClient => NLogLog.Debug]: Current Connected Session Count : 0
[2020/06/10 13:50:18.636] [TID:14] [<>c__DisplayClass133_0.<OnNewSessionConnected>b__0 => MainServer.OnConnected => NLogLog.Info]: 세션 번호 a40f4664-60a3-4787-92c2-3779998b71fe 접속
[2020/06/10 13:50:18.636] [TID:9] [PacketProcessor.Process => PKHCommon.NotifyInConnectClient => NLogLog.Debug]: Current Connected Session Count : 1
[2020/06/10 13:50:19.139] [TID:13] [AppServerBase`2.ExecuteCommand => MainServer.OnPacketReceived => NLogLog.Debug]: 세션 번호 a40f4664-60a3-4787-92c2-3779998b71fe 받은 데이터 크기 : 13 ThreadID : 13
[2020/06/10 13:50:19.139] [TID:9] [PacketProcessor.Process => PKHCommon.RequestLogin => NLogLog.Debug]: 로그인 요청 받음
[2020/06/10 13:50:19.139] [TID:9] [PacketProcessor.Process => PKHCommon.RequestLogin => NLogLog.Debug]: 로그인 요청 답변 보냄
[2020/06/10 13:50:21.901] [TID:13] [AppServerBase`2.ExecuteCommand => MainServer.OnPacketReceived => NLogLog.Debug]: 세션 번호 a40f4664-60a3-4787-92c2-3779998b71fe 받은 데이터 크기 : 2 ThreadID : 13
[2020/06/10 13:50:21.901] [TID:9] [PacketProcessor.Process => PKHRoom.RequestRoomEnter => NLogLog.Debug]: RequestRoonEnter
[2020/06/10 13:50:21.901] [TID:9] [PKHRoom.RequestRoomEnter => PKHRoom.ResponseEnterRoomToClient => NLogLog.Info]: RoomEnterResponse
[2020/06/10 13:50:21.901] [TID:9] [PacketProcessor.Process => PKHRoom.RequestRoomEnter => NLogLog.Debug]: RequestEnterInternal = Success, UserPos : 0
[2020/06/10 13:50:23.334] [TID:14] [<>c__DisplayClass133_0.<OnNewSessionConnected>b__0 => MainServer.OnConnected => NLogLog.Info]: 세션 번호 4d86a930-9ec8-4a63-8d84-cce11507cc5e 접속
[2020/06/10 13:50:23.334] [TID:9] [PacketProcessor.Process => PKHCommon.NotifyInConnectClient => NLogLog.Debug]: Current Connected Session Count : 2
[2020/06/10 13:50:23.381] [TID:13] [AppServerBase`2.ExecuteCommand => MainServer.OnPacketReceived => NLogLog.Debug]: 세션 번호 4d86a930-9ec8-4a63-8d84-cce11507cc5e 받은 데이터 크기 : 10 ThreadID : 13
[2020/06/10 13:50:23.381] [TID:9] [PacketProcessor.Process => PKHCommon.RequestLogin => NLogLog.Debug]: 로그인 요청 받음
[2020/06/10 13:50:28.585] [TID:13] [<>c__DisplayClass141_0.<OnSessionClosed>b__0 => MainServer.OnClosed => NLogLog.Info]: 세션 번호 4d86a930-9ec8-4a63-8d84-cce11507cc5e 접속 해제 : ClientClosing
[2020/06/10 13:50:28.585] [TID:9] [PacketProcessor.Process => PKHCommon.NotifyInDisConnectClient => NLogLog.Debug]: Current Connected Session Count : 1
[2020/06/10 13:50:28.585] [TID:9] [PacketProcessor.Process => PKHRoom.NotifyLeaveInternal => NLogLog.Debug]: NotifyLeaveInternal. SessionIndex:-1
[2020/06/10 13:50:28.585] [TID:9] [PKHRoom.NotifyLeaveInternal => PKHRoom.LeaveRoomUser => NLogLog.Debug]: LeaveRoomUser. SessionIndex:-1
[2020/06/10 13:50:32.202] [TID:15] [<>c__DisplayClass133_0.<OnNewSessionConnected>b__0 => MainServer.OnConnected => NLogLog.Info]: 세션 번호 4cdaffca-7f81-4afc-a43f-b32f4c729b6b 접속
[2020/06/10 13:50:32.202] [TID:9] [PacketProcessor.Process => PKHCommon.NotifyInConnectClient => NLogLog.Debug]: Current Connected Session Count : 2
[2020/06/10 13:50:32.208] [TID:14] [AppServerBase`2.ExecuteCommand => MainServer.OnPacketReceived => NLogLog.Debug]: 세션 번호 4cdaffca-7f81-4afc-a43f-b32f4c729b6b 받은 데이터 크기 : 10 ThreadID : 14
[2020/06/10 13:50:32.208] [TID:9] [PacketProcessor.Process => PKHCommon.RequestLogin => NLogLog.Debug]: 로그인 요청 받음
[2020/06/10 13:50:32.208] [TID:9] [PacketProcessor.Process => PKHCommon.RequestLogin => NLogLog.Debug]: 로그인 요청 답변 보냄
[2020/06/10 13:50:32.226] [TID:15] [AppServerBase`2.ExecuteCommand => MainServer.OnPacketReceived => NLogLog.Debug]: 세션 번호 4cdaffca-7f81-4afc-a43f-b32f4c729b6b 받은 데이터 크기 : 2 ThreadID : 15
[2020/06/10 13:50:32.226] [TID:9] [PacketProcessor.Process => PKHRoom.RequestRoomEnter => NLogLog.Debug]: RequestRoonEnter
[2020/06/10 13:50:32.226] [TID:9] [PKHRoom.RequestRoomEnter => PKHRoom.ResponseEnterRoomToClient => NLogLog.Info]: RoomEnterResponse
[2020/06/10 13:50:32.226] [TID:9] [PacketProcessor.Process => PKHRoom.RequestRoomEnter => NLogLog.Debug]: RequestEnterInternal = Success, UserPos : 0
[2020/06/10 13:50:35.534] [TID:13] [AppServerBase`2.ExecuteCommand => MainServer.OnPacketReceived => NLogLog.Debug]: 세션 번호 a40f4664-60a3-4787-92c2-3779998b71fe 받은 데이터 크기 : 6 ThreadID : 13
[2020/06/10 13:50:35.534] [TID:9] [PacketProcessor.Process => PKHRoom.RequestChat => NLogLog.Debug]: Room RequestChat
[2020/06/10 13:50:35.534] [TID:9] [PacketProcessor.Process => PKHRoom.RequestChat => NLogLog.Debug]: Room RequestChat - Success
[2020/06/10 13:50:37.397] [TID:14] [<>c__DisplayClass141_0.<OnSessionClosed>b__0 => MainServer.OnClosed => NLogLog.Info]: 세션 번호 a40f4664-60a3-4787-92c2-3779998b71fe 접속 해제 : SocketError
[2020/06/10 13:50:37.397] [TID:9] [PacketProcessor.Process => PKHCommon.NotifyInDisConnectClient => NLogLog.Debug]: Current Connected Session Count : 1
[2020/06/10 13:50:37.397] [TID:9] [PacketProcessor.Process => PKHRoom.NotifyLeaveInternal => NLogLog.Debug]: NotifyLeaveInternal. SessionIndex:-1
[2020/06/10 13:50:37.397] [TID:9] [PKHRoom.NotifyLeaveInternal => PKHRoom.LeaveRoomUser => NLogLog.Debug]: LeaveRoomUser. SessionIndex:-1
[2020/06/10 13:50:38.217] [TID:14] [<>c__DisplayClass141_0.<OnSessionClosed>b__0 => MainServer.OnClosed => NLogLog.Info]: 세션 번호 4cdaffca-7f81-4afc-a43f-b32f4c729b6b 접속 해제 : ClientClosing
[2020/06/10 13:50:38.217] [TID:9] [PacketProcessor.Process => PKHCommon.NotifyInDisConnectClient => NLogLog.Debug]: Current Connected Session Count : 0
[2020/06/10 13:52:21.495] [TID:1] [SocketListenerBase.OnStopped => SocketServerBase.OnListenerStopped => NLogLog.DebugFormat]: Listener (0.0.0.0:12021) was stoppped
[2020/06/10 13:52:21.495] [TID:1] [AppServer`2.Stop => AppServerBase`2.Stop => NLogLog.Info]: The server instance OMKServer has been stopped!
[2020/06/10 13:52:29.611] [TID:1] [Program.Main => MainServer.CreateStartServer => NLogLog.Info]: 서버 초기화 성공
[2020/06/10 13:52:29.625] [TID:1] [MainServer.CreateStartServer => MainServer.CreateComponent => NLogLog.Info]: CreateComponent - Success
[2020/06/10 13:52:29.667] [TID:1] [AsyncSocketServer.Start => SocketServerBase.Start => NLogLog.DebugFormat]: Listener (0.0.0.0:12021) was started
[2020/06/10 13:52:29.667] [TID:1] [AppServer`2.Start => AppServerBase`2.Start => NLogLog.Info]: The server instance OMKServer has been started!
[2020/06/10 13:52:29.667] [TID:1] [Program.Main => MainServer.CreateStartServer => NLogLog.Info]: 서버 생성 성공
[2020/06/10 13:52:29.667] [TID:1] [Program.Main => NLogLog.Info]: Press q to shut down the server
[2020/06/10 13:52:38.731] [TID:4] [<>c__DisplayClass133_0.<OnNewSessionConnected>b__0 => MainServer.OnConnected => NLogLog.Info]: 세션 번호 94748ee1-d145-4e4c-930c-44446a883777 접속
[2020/06/10 13:52:38.731] [TID:9] [PacketProcessor.Process => PKHCommon.NotifyInConnectClient => NLogLog.Debug]: Current Connected Session Count : 1
[2020/06/10 13:52:38.776] [TID:4] [AppServerBase`2.ExecuteCommand => MainServer.OnPacketReceived => NLogLog.Debug]: 세션 번호 94748ee1-d145-4e4c-930c-44446a883777 받은 데이터 크기 : 10 ThreadID : 4
[2020/06/10 13:52:38.776] [TID:9] [PacketProcessor.Process => PKHCommon.RequestLogin => NLogLog.Debug]: 로그인 요청 받음
[2020/06/10 13:52:38.776] [TID:9] [PacketProcessor.Process => PKHCommon.RequestLogin => NLogLog.Info]: sessionIndex : -1
[2020/06/10 13:52:38.872] [TID:9] [PacketProcessor.Process => PKHCommon.RequestLogin => NLogLog.Debug]: 로그인 요청 답변 보냄
[2020/06/10 13:52:38.883] [TID:4] [AppServerBase`2.ExecuteCommand => MainServer.OnPacketReceived => NLogLog.Debug]: 세션 번호 94748ee1-d145-4e4c-930c-44446a883777 받은 데이터 크기 : 2 ThreadID : 4
[2020/06/10 13:52:38.883] [TID:9] [PacketProcessor.Process => PKHRoom.RequestRoomEnter => NLogLog.Debug]: RequestRoonEnter
[2020/06/10 13:52:38.883] [TID:9] [PKHRoom.RequestRoomEnter => PKHRoom.ResponseEnterRoomToClient => NLogLog.Info]: RoomEnterResponse
[2020/06/10 13:52:38.883] [TID:9] [PacketProcessor.Process => PKHRoom.RequestRoomEnter => NLogLog.Debug]: RequestEnterInternal = Success, UserPos : 0
[2020/06/10 13:52:42.044] [TID:6] [<>c__DisplayClass133_0.<OnNewSessionConnected>b__0 => MainServer.OnConnected => NLogLog.Info]: 세션 번호 77a69ce8-5e45-4f69-a185-b157c41a0de3 접속
[2020/06/10 13:52:42.044] [TID:9] [PacketProcessor.Process => PKHCommon.NotifyInConnectClient => NLogLog.Debug]: Current Connected Session Count : 2
[2020/06/10 13:52:42.064] [TID:8] [AppServerBase`2.ExecuteCommand => MainServer.OnPacketReceived => NLogLog.Debug]: 세션 번호 77a69ce8-5e45-4f69-a185-b157c41a0de3 받은 데이터 크기 : 16 ThreadID : 8
[2020/06/10 13:52:42.064] [TID:9] [PacketProcessor.Process => PKHCommon.RequestLogin => NLogLog.Debug]: 로그인 요청 받음
[2020/06/10 13:52:42.064] [TID:9] [PacketProcessor.Process => PKHCommon.RequestLogin => NLogLog.Info]: sessionIndex : -1
[2020/06/10 13:54:18.264] [TID:7] [<>c__DisplayClass133_0.<OnNewSessionConnected>b__0 => MainServer.OnConnected => NLogLog.Info]: 세션 번호 448f7b31-2873-4ef5-9ad0-6e9d66e20348 접속
[2020/06/10 13:54:18.264] [TID:9] [PacketProcessor.Process => PKHCommon.NotifyInConnectClient => NLogLog.Debug]: Current Connected Session Count : 3
[2020/06/10 13:54:19.083] [TID:6] [AppServerBase`2.ExecuteCommand => MainServer.OnPacketReceived => NLogLog.Debug]: 세션 번호 448f7b31-2873-4ef5-9ad0-6e9d66e20348 받은 데이터 크기 : 13 ThreadID : 6
[2020/06/10 13:54:19.083] [TID:9] [PacketProcessor.Process => PKHCommon.RequestLogin => NLogLog.Debug]: 로그인 요청 받음
[2020/06/10 13:54:19.083] [TID:9] [PacketProcessor.Process => PKHCommon.RequestLogin => NLogLog.Info]: sessionIndex : -1
[2020/06/10 13:54:21.741] [TID:6] [<>c__DisplayClass141_0.<OnSessionClosed>b__0 => MainServer.OnClosed => NLogLog.Info]: 세션 번호 448f7b31-2873-4ef5-9ad0-6e9d66e20348 접속 해제 : SocketError
[2020/06/10 13:54:21.741] [TID:9] [PacketProcessor.Process => PKHCommon.NotifyInDisConnectClient => NLogLog.Debug]: Current Connected Session Count : 2
[2020/06/10 13:54:21.741] [TID:9] [PacketProcessor.Process => PKHRoom.NotifyLeaveInternal => NLogLog.Debug]: NotifyLeaveInternal. SessionIndex:-1
[2020/06/10 13:54:21.741] [TID:9] [PKHRoom.NotifyLeaveInternal => PKHRoom.LeaveRoomUser => NLogLog.Debug]: LeaveRoomUser. SessionIndex:-1
[2020/06/10 13:55:48.308] [TID:1] [SocketListenerBase.OnStopped => SocketServerBase.OnListenerStopped => NLogLog.DebugFormat]: Listener (0.0.0.0:12021) was stoppped
[2020/06/10 13:55:48.308] [TID:1] [AppServer`2.Stop => AppServerBase`2.Stop => NLogLog.Info]: The server instance OMKServer has been stopped!
[2020/06/10 13:55:48.308] [TID:16] [<>c__DisplayClass141_0.<OnSessionClosed>b__0 => MainServer.OnClosed => NLogLog.Info]: 세션 번호 94748ee1-d145-4e4c-930c-44446a883777 접속 해제 : ServerShutdown
[2020/06/10 13:55:48.308] [TID:11] [<>c__DisplayClass141_0.<OnSessionClosed>b__0 => MainServer.OnClosed => NLogLog.Info]: 세션 번호 77a69ce8-5e45-4f69-a185-b157c41a0de3 접속 해제 : ServerShutdown
[2020/06/10 13:55:54.584] [TID:1] [Program.Main => MainServer.CreateStartServer => NLogLog.Info]: 서버 초기화 성공
[2020/06/10 13:55:54.601] [TID:1] [MainServer.CreateStartServer => MainServer.CreateComponent => NLogLog.Info]: CreateComponent - Success
[2020/06/10 13:55:54.630] [TID:1] [AsyncSocketServer.Start => SocketServerBase.Start => NLogLog.DebugFormat]: Listener (0.0.0.0:12021) was started
[2020/06/10 13:55:54.630] [TID:1] [AppServer`2.Start => AppServerBase`2.Start => NLogLog.Info]: The server instance OMKServer has been started!
[2020/06/10 13:55:54.630] [TID:1] [Program.Main => MainServer.CreateStartServer => NLogLog.Info]: 서버 생성 성공
[2020/06/10 13:55:54.630] [TID:1] [Program.Main => NLogLog.Info]: Press q to shut down the server
[2020/06/10 13:55:57.792] [TID:6] [<>c__DisplayClass133_0.<OnNewSessionConnected>b__0 => MainServer.OnConnected => NLogLog.Info]: 세션 번호 48bb3956-4069-4016-a13b-708fadab6a0f 접속
[2020/06/10 13:55:57.792] [TID:6] [<>c__DisplayClass133_0.<OnNewSessionConnected>b__0 => MainServer.OnConnected => NLogLog.Info]: 접속 시 세션 인덱스 -1
[2020/06/10 13:55:57.792] [TID:9] [PacketProcessor.Process => PKHCommon.NotifyInConnectClient => NLogLog.Debug]: Current Connected Session Count : 1
[2020/06/10 13:55:57.792] [TID:5] [AppServerBase`2.ExecuteCommand => MainServer.OnPacketReceived => NLogLog.Debug]: 세션 번호 48bb3956-4069-4016-a13b-708fadab6a0f 받은 데이터 크기 : 10 ThreadID : 5
[2020/06/10 13:55:57.800] [TID:9] [PacketProcessor.Process => PKHCommon.RequestLogin => NLogLog.Debug]: 로그인 요청 받음
[2020/06/10 13:55:57.800] [TID:9] [PacketProcessor.Process => PKHCommon.RequestLogin => NLogLog.Info]: sessionIndex : -1
[2020/06/10 13:55:57.887] [TID:9] [PacketProcessor.Process => PKHCommon.RequestLogin => NLogLog.Debug]: 로그인 요청 답변 보냄
[2020/06/10 13:56:01.018] [TID:4] [<>c__DisplayClass133_0.<OnNewSessionConnected>b__0 => MainServer.OnConnected => NLogLog.Info]: 세션 번호 6f3d1c71-9237-45ee-bc21-172cae9f774b 접속
[2020/06/10 13:56:01.018] [TID:4] [<>c__DisplayClass133_0.<OnNewSessionConnected>b__0 => MainServer.OnConnected => NLogLog.Info]: 접속 시 세션 인덱스 -1
[2020/06/10 13:56:01.018] [TID:5] [AppServerBase`2.ExecuteCommand => MainServer.OnPacketReceived => NLogLog.Debug]: 세션 번호 6f3d1c71-9237-45ee-bc21-172cae9f774b 받은 데이터 크기 : 10 ThreadID : 5
[2020/06/10 13:56:01.019] [TID:9] [PacketProcessor.Process => PKHCommon.NotifyInConnectClient => NLogLog.Debug]: Current Connected Session Count : 2
[2020/06/10 13:56:01.019] [TID:9] [PacketProcessor.Process => PKHCommon.RequestLogin => NLogLog.Debug]: 로그인 요청 받음
[2020/06/10 13:56:01.019] [TID:9] [PacketProcessor.Process => PKHCommon.RequestLogin => NLogLog.Info]: sessionIndex : -1
[2020/06/10 13:56:01.827] [TID:4] [<>c__DisplayClass141_0.<OnSessionClosed>b__0 => MainServer.OnClosed => NLogLog.Info]: 세션 번호 48bb3956-4069-4016-a13b-708fadab6a0f 접속 해제 : ClientClosing
[2020/06/10 13:56:01.827] [TID:9] [PacketProcessor.Process => PKHCommon.NotifyInDisConnectClient => NLogLog.Debug]: Current Connected Session Count : 1
[2020/06/10 13:56:05.316] [TID:5] [<>c__DisplayClass141_0.<OnSessionClosed>b__0 => MainServer.OnClosed => NLogLog.Info]: 세션 번호 6f3d1c71-9237-45ee-bc21-172cae9f774b 접속 해제 : ClientClosing
[2020/06/10 13:56:05.316] [TID:9] [PacketProcessor.Process => PKHCommon.NotifyInDisConnectClient => NLogLog.Debug]: Current Connected Session Count : 0
[2020/06/10 13:56:16.380] [TID:4] [<>c__DisplayClass133_0.<OnNewSessionConnected>b__0 => MainServer.OnConnected => NLogLog.Info]: 세션 번호 cdc3f5c8-530d-498e-ae56-bdd782f1e195 접속
[2020/06/10 13:56:16.380] [TID:4] [<>c__DisplayClass133_0.<OnNewSessionConnected>b__0 => MainServer.OnConnected => NLogLog.Info]: 접속 시 세션 인덱스 -1
[2020/06/10 13:56:16.380] [TID:9] [PacketProcessor.Process => PKHCommon.NotifyInConnectClient => NLogLog.Debug]: Current Connected Session Count : 1
[2020/06/10 13:56:16.422] [TID:5] [AppServerBase`2.ExecuteCommand => MainServer.OnPacketReceived => NLogLog.Debug]: 세션 번호 cdc3f5c8-530d-498e-ae56-bdd782f1e195 받은 데이터 크기 : 10 ThreadID : 5
[2020/06/10 13:56:16.422] [TID:9] [PacketProcessor.Process => PKHCommon.RequestLogin => NLogLog.Debug]: 로그인 요청 받음
[2020/06/10 13:56:16.422] [TID:9] [PacketProcessor.Process => PKHCommon.RequestLogin => NLogLog.Info]: sessionIndex : -1
[2020/06/10 13:56:16.422] [TID:9] [PacketProcessor.Process => PKHCommon.RequestLogin => NLogLog.Debug]: 로그인 요청 답변 보냄
[2020/06/10 13:56:16.445] [TID:13] [AppServerBase`2.ExecuteCommand => MainServer.OnPacketReceived => NLogLog.Debug]: 세션 번호 cdc3f5c8-530d-498e-ae56-bdd782f1e195 받은 데이터 크기 : 2 ThreadID : 13
[2020/06/10 13:56:16.445] [TID:9] [PacketProcessor.Process => PKHRoom.RequestRoomEnter => NLogLog.Debug]: RequestRoonEnter
[2020/06/10 13:56:16.445] [TID:9] [PKHRoom.RequestRoomEnter => PKHRoom.ResponseEnterRoomToClient => NLogLog.Info]: RoomEnterResponse
[2020/06/10 13:56:16.445] [TID:9] [PacketProcessor.Process => PKHRoom.RequestRoomEnter => NLogLog.Debug]: RequestEnterInternal = Success, UserPos : 0
[2020/06/10 13:56:21.184] [TID:13] [<>c__DisplayClass133_0.<OnNewSessionConnected>b__0 => MainServer.OnConnected => NLogLog.Info]: 세션 번호 ddb4276a-f9f8-4d47-b25e-39f9d23d6501 접속
[2020/06/10 13:56:21.184] [TID:13] [<>c__DisplayClass133_0.<OnNewSessionConnected>b__0 => MainServer.OnConnected => NLogLog.Info]: 접속 시 세션 인덱스 -1
[2020/06/10 13:56:21.184] [TID:9] [PacketProcessor.Process => PKHCommon.NotifyInConnectClient => NLogLog.Debug]: Current Connected Session Count : 2
[2020/06/10 13:56:21.230] [TID:13] [AppServerBase`2.ExecuteCommand => MainServer.OnPacketReceived => NLogLog.Debug]: 세션 번호 ddb4276a-f9f8-4d47-b25e-39f9d23d6501 받은 데이터 크기 : 13 ThreadID : 13
[2020/06/10 13:56:21.230] [TID:9] [PacketProcessor.Process => PKHCommon.RequestLogin => NLogLog.Debug]: 로그인 요청 받음
[2020/06/10 13:56:21.230] [TID:9] [PacketProcessor.Process => PKHCommon.RequestLogin => NLogLog.Info]: sessionIndex : -1
[2020/06/10 13:56:23.097] [TID:4] [<>c__DisplayClass141_0.<OnSessionClosed>b__0 => MainServer.OnClosed => NLogLog.Info]: 세션 번호 ddb4276a-f9f8-4d47-b25e-39f9d23d6501 접속 해제 : ClientClosing
[2020/06/10 13:56:23.097] [TID:9] [PacketProcessor.Process => PKHCommon.NotifyInDisConnectClient => NLogLog.Debug]: Current Connected Session Count : 1
[2020/06/10 13:56:23.097] [TID:9] [PacketProcessor.Process => PKHRoom.NotifyLeaveInternal => NLogLog.Debug]: NotifyLeaveInternal. SessionIndex:-1
[2020/06/10 13:56:23.097] [TID:9] [PKHRoom.NotifyLeaveInternal => PKHRoom.LeaveRoomUser => NLogLog.Debug]: LeaveRoomUser. SessionIndex:-1
[2020/06/10 13:56:23.862] [TID:4] [<>c__DisplayClass141_0.<OnSessionClosed>b__0 => MainServer.OnClosed => NLogLog.Info]: 세션 번호 cdc3f5c8-530d-498e-ae56-bdd782f1e195 접속 해제 : ClientClosing
[2020/06/10 13:56:23.862] [TID:9] [PacketProcessor.Process => PKHCommon.NotifyInDisConnectClient => NLogLog.Debug]: Current Connected Session Count : 0
[2020/06/10 13:56:58.308] [TID:1] [SocketListenerBase.OnStopped => SocketServerBase.OnListenerStopped => NLogLog.DebugFormat]: Listener (0.0.0.0:12021) was stoppped
[2020/06/10 13:56:58.308] [TID:1] [AppServer`2.Stop => AppServerBase`2.Stop => NLogLog.Info]: The server instance OMKServer has been stopped!
[2020/06/10 13:59:19.427] [TID:1] [Program.Main => MainServer.CreateStartServer => NLogLog.Info]: 서버 초기화 성공
[2020/06/10 13:59:19.442] [TID:1] [MainServer.CreateStartServer => MainServer.CreateComponent => NLogLog.Info]: CreateComponent - Success
[2020/06/10 13:59:19.476] [TID:1] [AsyncSocketServer.Start => SocketServerBase.Start => NLogLog.DebugFormat]: Listener (0.0.0.0:12021) was started
[2020/06/10 13:59:19.476] [TID:1] [AppServer`2.Start => AppServerBase`2.Start => NLogLog.Info]: The server instance OMKServer has been started!
[2020/06/10 13:59:19.476] [TID:1] [Program.Main => MainServer.CreateStartServer => NLogLog.Info]: 서버 생성 성공
[2020/06/10 13:59:19.476] [TID:1] [Program.Main => NLogLog.Info]: Press q to shut down the server
[2020/06/10 13:59:27.116] [TID:4] [<>c__DisplayClass133_0.<OnNewSessionConnected>b__0 => MainServer.OnConnected => NLogLog.Info]: 세션 번호 e74dd4aa-3772-4e41-a5e6-e35edd91e0d5 접속
[2020/06/10 13:59:27.116] [TID:4] [<>c__DisplayClass133_0.<OnNewSessionConnected>b__0 => MainServer.OnConnected => NLogLog.Info]: 접속 시 세션 번호 : 0
[2020/06/10 13:59:27.116] [TID:9] [PacketProcessor.Process => PKHCommon.NotifyInConnectClient => NLogLog.Debug]: Current Connected Session Count : 1
[2020/06/10 13:59:27.158] [TID:4] [AppServerBase`2.ExecuteCommand => MainServer.OnPacketReceived => NLogLog.Debug]: 세션 번호 e74dd4aa-3772-4e41-a5e6-e35edd91e0d5 받은 데이터 크기 : 10 ThreadID : 4
[2020/06/10 13:59:27.160] [TID:9] [PacketProcessor.Process => PKHCommon.RequestLogin => NLogLog.Debug]: 로그인 요청 받음
[2020/06/10 13:59:27.160] [TID:9] [PacketProcessor.Process => PKHCommon.RequestLogin => NLogLog.Info]: sessionIndex : 0
[2020/06/10 13:59:27.255] [TID:9] [PacketProcessor.Process => PKHCommon.RequestLogin => NLogLog.Debug]: 로그인 요청 답변 보냄
[2020/06/10 13:59:27.271] [TID:8] [AppServerBase`2.ExecuteCommand => MainServer.OnPacketReceived => NLogLog.Debug]: 세션 번호 e74dd4aa-3772-4e41-a5e6-e35edd91e0d5 받은 데이터 크기 : 2 ThreadID : 8
[2020/06/10 13:59:27.271] [TID:9] [PacketProcessor.Process => PKHRoom.RequestRoomEnter => NLogLog.Debug]: RequestRoonEnter
[2020/06/10 13:59:27.271] [TID:9] [PKHRoom.RequestRoomEnter => PKHRoom.ResponseEnterRoomToClient => NLogLog.Info]: RoomEnterResponse
[2020/06/10 13:59:27.271] [TID:9] [PacketProcessor.Process => PKHRoom.RequestRoomEnter => NLogLog.Debug]: RequestEnterInternal = Success, UserPos : 0
[2020/06/10 13:59:33.380] [TID:13] [<>c__DisplayClass141_0.<OnSessionClosed>b__0 => MainServer.OnClosed => NLogLog.Info]: 세션 번호 e74dd4aa-3772-4e41-a5e6-e35edd91e0d5 접속 해제 : ClientClosing
[2020/06/10 13:59:33.380] [TID:13] [<>c__DisplayClass141_0.<OnSessionClosed>b__0 => MainServer.OnClosed => NLogLog.Info]: 접속 해제 세션 번호 : -1
[2020/06/10 13:59:33.380] [TID:9] [PacketProcessor.Process => PKHCommon.NotifyInDisConnectClient => NLogLog.Debug]: Current Connected Session Count : 0
[2020/06/10 13:59:33.380] [TID:9] [PacketProcessor.Process => PKHRoom.NotifyLeaveInternal => NLogLog.Debug]: NotifyLeaveInternal. SessionIndex:0
[2020/06/10 13:59:33.380] [TID:9] [PKHRoom.NotifyLeaveInternal => PKHRoom.LeaveRoomUser => NLogLog.Debug]: LeaveRoomUser. SessionIndex:0
[2020/06/10 13:59:42.009] [TID:13] [<>c__DisplayClass133_0.<OnNewSessionConnected>b__0 => MainServer.OnConnected => NLogLog.Info]: 세션 번호 56c25b88-99bd-400a-a519-326f929b16b3 접속
[2020/06/10 13:59:42.009] [TID:13] [<>c__DisplayClass133_0.<OnNewSessionConnected>b__0 => MainServer.OnConnected => NLogLog.Info]: 접속 시 세션 번호 : 0
[2020/06/10 13:59:42.009] [TID:9] [PacketProcessor.Process => PKHCommon.NotifyInConnectClient => NLogLog.Debug]: Current Connected Session Count : 1
[2020/06/10 13:59:42.052] [TID:8] [AppServerBase`2.ExecuteCommand => MainServer.OnPacketReceived => NLogLog.Debug]: 세션 번호 56c25b88-99bd-400a-a519-326f929b16b3 받은 데이터 크기 : 13 ThreadID : 8
[2020/06/10 13:59:42.052] [TID:9] [PacketProcessor.Process => PKHCommon.RequestLogin => NLogLog.Debug]: 로그인 요청 받음
[2020/06/10 13:59:42.052] [TID:9] [PacketProcessor.Process => PKHCommon.RequestLogin => NLogLog.Info]: sessionIndex : 0
[2020/06/10 13:59:42.052] [TID:9] [PacketProcessor.Process => PKHCommon.RequestLogin => NLogLog.Debug]: 로그인 요청 답변 보냄
[2020/06/10 13:59:42.069] [TID:6] [AppServerBase`2.ExecuteCommand => MainServer.OnPacketReceived => NLogLog.Debug]: 세션 번호 56c25b88-99bd-400a-a519-326f929b16b3 받은 데이터 크기 : 2 ThreadID : 6
[2020/06/10 13:59:42.069] [TID:9] [PacketProcessor.Process => PKHRoom.RequestRoomEnter => NLogLog.Debug]: RequestRoonEnter
[2020/06/10 13:59:42.069] [TID:9] [PKHRoom.RequestRoomEnter => PKHRoom.ResponseEnterRoomToClient => NLogLog.Info]: RoomEnterResponse
[2020/06/10 13:59:42.069] [TID:9] [PacketProcessor.Process => PKHRoom.RequestRoomEnter => NLogLog.Debug]: RequestEnterInternal = Success, UserPos : 0
[2020/06/10 13:59:47.545] [TID:6] [<>c__DisplayClass133_0.<OnNewSessionConnected>b__0 => MainServer.OnConnected => NLogLog.Info]: 세션 번호 2f0cda96-7850-4753-827d-41a5a091ec4c 접속
[2020/06/10 13:59:47.545] [TID:6] [<>c__DisplayClass133_0.<OnNewSessionConnected>b__0 => MainServer.OnConnected => NLogLog.Info]: 접속 시 세션 번호 : 0
[2020/06/10 13:59:47.545] [TID:9] [PacketProcessor.Process => PKHCommon.NotifyInConnectClient => NLogLog.Debug]: Current Connected Session Count : 2
[2020/06/10 13:59:47.551] [TID:6] [AppServerBase`2.ExecuteCommand => MainServer.OnPacketReceived => NLogLog.Debug]: 세션 번호 2f0cda96-7850-4753-827d-41a5a091ec4c 받은 데이터 크기 : 13 ThreadID : 6
[2020/06/10 13:59:47.551] [TID:9] [PacketProcessor.Process => PKHCommon.RequestLogin => NLogLog.Debug]: 로그인 요청 받음
[2020/06/10 13:59:47.551] [TID:9] [PacketProcessor.Process => PKHCommon.RequestLogin => NLogLog.Info]: sessionIndex : 0
[2020/06/10 13:59:50.782] [TID:4] [<>c__DisplayClass133_0.<OnNewSessionConnected>b__0 => MainServer.OnConnected => NLogLog.Info]: 세션 번호 bb57e9c3-52d0-491d-a425-0ea14bd5e9b8 접속
[2020/06/10 13:59:50.782] [TID:4] [<>c__DisplayClass133_0.<OnNewSessionConnected>b__0 => MainServer.OnConnected => NLogLog.Info]: 접속 시 세션 번호 : 0
[2020/06/10 13:59:50.782] [TID:9] [PacketProcessor.Process => PKHCommon.NotifyInConnectClient => NLogLog.Debug]: Current Connected Session Count : 3
[2020/06/10 13:59:50.782] [TID:8] [AppServerBase`2.ExecuteCommand => MainServer.OnPacketReceived => NLogLog.Debug]: 세션 번호 bb57e9c3-52d0-491d-a425-0ea14bd5e9b8 받은 데이터 크기 : 16 ThreadID : 8
[2020/06/10 13:59:50.782] [TID:9] [PacketProcessor.Process => PKHCommon.RequestLogin => NLogLog.Debug]: 로그인 요청 받음
[2020/06/10 13:59:50.782] [TID:9] [PacketProcessor.Process => PKHCommon.RequestLogin => NLogLog.Info]: sessionIndex : 0
[2020/06/10 13:59:50.874] [TID:7] [<>c__DisplayClass141_0.<OnSessionClosed>b__0 => MainServer.OnClosed => NLogLog.Info]: 세션 번호 2f0cda96-7850-4753-827d-41a5a091ec4c 접속 해제 : ClientClosing
[2020/06/10 13:59:50.874] [TID:7] [<>c__DisplayClass141_0.<OnSessionClosed>b__0 => MainServer.OnClosed => NLogLog.Info]: 접속 해제 세션 번호 : -1
[2020/06/10 13:59:50.874] [TID:9] [PacketProcessor.Process => PKHCommon.NotifyInDisConnectClient => NLogLog.Debug]: Current Connected Session Count : 2
[2020/06/10 13:59:50.874] [TID:9] [PacketProcessor.Process => PKHRoom.NotifyLeaveInternal => NLogLog.Debug]: NotifyLeaveInternal. SessionIndex:0
[2020/06/10 13:59:50.874] [TID:9] [PKHRoom.NotifyLeaveInternal => PKHRoom.LeaveRoomUser => NLogLog.Debug]: LeaveRoomUser. SessionIndex:0
[2020/06/10 13:59:56.996] [TID:8] [<>c__DisplayClass141_0.<OnSessionClosed>b__0 => MainServer.OnClosed => NLogLog.Info]: 세션 번호 56c25b88-99bd-400a-a519-326f929b16b3 접속 해제 : ClientClosing
[2020/06/10 13:59:56.996] [TID:8] [<>c__DisplayClass141_0.<OnSessionClosed>b__0 => MainServer.OnClosed => NLogLog.Info]: 접속 해제 세션 번호 : -1
[2020/06/10 13:59:56.996] [TID:9] [PacketProcessor.Process => PKHCommon.NotifyInDisConnectClient => NLogLog.Debug]: Current Connected Session Count : 1
[2020/06/10 14:00:01.822] [TID:6] [<>c__DisplayClass141_0.<OnSessionClosed>b__0 => MainServer.OnClosed => NLogLog.Info]: 세션 번호 bb57e9c3-52d0-491d-a425-0ea14bd5e9b8 접속 해제 : ClientClosing
[2020/06/10 14:00:01.822] [TID:6] [<>c__DisplayClass141_0.<OnSessionClosed>b__0 => MainServer.OnClosed => NLogLog.Info]: 접속 해제 세션 번호 : -1
[2020/06/10 14:00:01.822] [TID:9] [PacketProcessor.Process => PKHCommon.NotifyInDisConnectClient => NLogLog.Debug]: Current Connected Session Count : 0
[2020/06/10 14:00:09.289] [TID:1] [SocketListenerBase.OnStopped => SocketServerBase.OnListenerStopped => NLogLog.DebugFormat]: Listener (0.0.0.0:12021) was stoppped
[2020/06/10 14:00:09.289] [TID:1] [AppServer`2.Stop => AppServerBase`2.Stop => NLogLog.Info]: The server instance OMKServer has been stopped!
[2020/06/10 14:05:53.543] [TID:1] [Program.Main => MainServer.CreateStartServer => NLogLog.Info]: 서버 초기화 성공
[2020/06/10 14:05:53.559] [TID:1] [MainServer.CreateStartServer => MainServer.CreateComponent => NLogLog.Info]: CreateComponent - Success
[2020/06/10 14:05:53.593] [TID:1] [AsyncSocketServer.Start => SocketServerBase.Start => NLogLog.DebugFormat]: Listener (0.0.0.0:12021) was started
[2020/06/10 14:05:53.593] [TID:1] [AppServer`2.Start => AppServerBase`2.Start => NLogLog.Info]: The server instance OMKServer has been started!
[2020/06/10 14:05:53.593] [TID:1] [Program.Main => MainServer.CreateStartServer => NLogLog.Info]: 서버 생성 성공
[2020/06/10 14:05:53.593] [TID:1] [Program.Main => NLogLog.Info]: Press q to shut down the server
[2020/06/10 14:06:02.117] [TID:6] [<>c__DisplayClass133_0.<OnNewSessionConnected>b__0 => MainServer.OnConnected => NLogLog.Info]: 세션 번호 17ca795c-7761-4664-9edc-343fdbb63011 접속
[2020/06/10 14:06:02.117] [TID:6] [<>c__DisplayClass133_0.<OnNewSessionConnected>b__0 => MainServer.OnConnected => NLogLog.Info]: 접속 시 세션 번호 : 0
[2020/06/10 14:06:02.117] [TID:9] [PacketProcessor.Process => PKHCommon.NotifyInConnectClient => NLogLog.Debug]: Current Connected Session Count : 1
[2020/06/10 14:06:02.154] [TID:5] [AppServerBase`2.ExecuteCommand => MainServer.OnPacketReceived => NLogLog.Debug]: 세션 번호 17ca795c-7761-4664-9edc-343fdbb63011 받은 데이터 크기 : 10 ThreadID : 5
[2020/06/10 14:06:02.154] [TID:9] [PacketProcessor.Process => PKHCommon.RequestLogin => NLogLog.Debug]: 로그인 요청 받음
[2020/06/10 14:06:02.154] [TID:9] [PacketProcessor.Process => PKHCommon.RequestLogin => NLogLog.Info]: sessionIndex : 0
[2020/06/10 14:06:02.237] [TID:9] [PacketProcessor.Process => PKHCommon.RequestLogin => NLogLog.Debug]: 로그인 요청 답변 보냄
[2020/06/10 14:06:02.257] [TID:6] [AppServerBase`2.ExecuteCommand => MainServer.OnPacketReceived => NLogLog.Debug]: 세션 번호 17ca795c-7761-4664-9edc-343fdbb63011 받은 데이터 크기 : 2 ThreadID : 6
[2020/06/10 14:06:02.257] [TID:9] [PacketProcessor.Process => PKHRoom.RequestRoomEnter => NLogLog.Debug]: RequestRoonEnter
[2020/06/10 14:06:02.257] [TID:9] [PKHRoom.RequestRoomEnter => PKHRoom.ResponseEnterRoomToClient => NLogLog.Info]: RoomEnterResponse
[2020/06/10 14:06:02.257] [TID:9] [PacketProcessor.Process => PKHRoom.RequestRoomEnter => NLogLog.Debug]: RequestEnterInternal = Success, UserPos : 0
[2020/06/10 14:06:04.609] [TID:8] [<>c__DisplayClass133_0.<OnNewSessionConnected>b__0 => MainServer.OnConnected => NLogLog.Info]: 세션 번호 326f5d0a-5eeb-463d-90bd-df90953f473a 접속
[2020/06/10 14:06:04.609] [TID:8] [<>c__DisplayClass133_0.<OnNewSessionConnected>b__0 => MainServer.OnConnected => NLogLog.Info]: 접속 시 세션 번호 : 1
[2020/06/10 14:06:04.609] [TID:9] [PacketProcessor.Process => PKHCommon.NotifyInConnectClient => NLogLog.Debug]: Current Connected Session Count : 2
[2020/06/10 14:06:04.655] [TID:8] [AppServerBase`2.ExecuteCommand => MainServer.OnPacketReceived => NLogLog.Debug]: 세션 번호 326f5d0a-5eeb-463d-90bd-df90953f473a 받은 데이터 크기 : 16 ThreadID : 8
[2020/06/10 14:06:04.655] [TID:9] [PacketProcessor.Process => PKHCommon.RequestLogin => NLogLog.Debug]: 로그인 요청 받음
[2020/06/10 14:06:04.655] [TID:9] [PacketProcessor.Process => PKHCommon.RequestLogin => NLogLog.Info]: sessionIndex : 1
[2020/06/10 14:06:04.655] [TID:9] [PacketProcessor.Process => PKHCommon.RequestLogin => NLogLog.Debug]: 로그인 요청 답변 보냄
[2020/06/10 14:06:04.673] [TID:8] [AppServerBase`2.ExecuteCommand => MainServer.OnPacketReceived => NLogLog.Debug]: 세션 번호 326f5d0a-5eeb-463d-90bd-df90953f473a 받은 데이터 크기 : 2 ThreadID : 8
[2020/06/10 14:06:04.673] [TID:9] [PacketProcessor.Process => PKHRoom.RequestRoomEnter => NLogLog.Debug]: RequestRoonEnter
[2020/06/10 14:06:04.673] [TID:9] [PKHRoom.RequestRoomEnter => PKHRoom.ResponseEnterRoomToClient => NLogLog.Info]: RoomEnterResponse
[2020/06/10 14:06:04.675] [TID:9] [PacketProcessor.Process => PKHRoom.RequestRoomEnter => NLogLog.Debug]: RequestEnterInternal = Success, UserPos : 1
[2020/06/10 14:06:05.919] [TID:8] [AppServerBase`2.ExecuteCommand => MainServer.OnPacketReceived => NLogLog.Debug]: 세션 번호 326f5d0a-5eeb-463d-90bd-df90953f473a 받은 데이터 크기 : 5 ThreadID : 8
[2020/06/10 14:06:05.919] [TID:9] [PacketProcessor.Process => PKHRoom.RequestChat => NLogLog.Debug]: Room RequestChat
[2020/06/10 14:06:05.919] [TID:9] [PacketProcessor.Process => PKHRoom.RequestChat => NLogLog.Debug]: Room RequestChat - Success
[2020/06/10 14:06:07.425] [TID:8] [AppServerBase`2.ExecuteCommand => MainServer.OnPacketReceived => NLogLog.Debug]: 세션 번호 17ca795c-7761-4664-9edc-343fdbb63011 받은 데이터 크기 : 5 ThreadID : 8
[2020/06/10 14:06:07.425] [TID:9] [PacketProcessor.Process => PKHRoom.RequestChat => NLogLog.Debug]: Room RequestChat
[2020/06/10 14:06:07.425] [TID:9] [PacketProcessor.Process => PKHRoom.RequestChat => NLogLog.Debug]: Room RequestChat - Success
[2020/06/10 14:06:08.692] [TID:8] [<>c__DisplayClass141_0.<OnSessionClosed>b__0 => MainServer.OnClosed => NLogLog.Info]: 세션 번호 17ca795c-7761-4664-9edc-343fdbb63011 접속 해제 : ClientClosing
[2020/06/10 14:06:08.692] [TID:9] [PacketProcessor.Process => PKHCommon.NotifyInDisConnectClient => NLogLog.Debug]: Current Connected Session Count : 1
[2020/06/10 14:06:08.692] [TID:9] [PacketProcessor.Process => PKHRoom.NotifyLeaveInternal => NLogLog.Debug]: NotifyLeaveInternal. SessionIndex:0
[2020/06/10 14:06:08.692] [TID:9] [PKHRoom.NotifyLeaveInternal => PKHRoom.LeaveRoomUser => NLogLog.Debug]: LeaveRoomUser. SessionIndex:0
[2020/06/10 14:06:09.319] [TID:8] [<>c__DisplayClass141_0.<OnSessionClosed>b__0 => MainServer.OnClosed => NLogLog.Info]: 세션 번호 326f5d0a-5eeb-463d-90bd-df90953f473a 접속 해제 : ClientClosing
[2020/06/10 14:06:09.319] [TID:9] [PacketProcessor.Process => PKHCommon.NotifyInDisConnectClient => NLogLog.Debug]: Current Connected Session Count : 0
[2020/06/10 14:06:09.319] [TID:9] [PacketProcessor.Process => PKHRoom.NotifyLeaveInternal => NLogLog.Debug]: NotifyLeaveInternal. SessionIndex:1
[2020/06/10 14:06:09.319] [TID:9] [PKHRoom.NotifyLeaveInternal => PKHRoom.LeaveRoomUser => NLogLog.Debug]: LeaveRoomUser. SessionIndex:1
[2020/06/10 14:06:11.482] [TID:1] [SocketListenerBase.OnStopped => SocketServerBase.OnListenerStopped => NLogLog.DebugFormat]: Listener (0.0.0.0:12021) was stoppped
[2020/06/10 14:06:11.482] [TID:1] [AppServer`2.Stop => AppServerBase`2.Stop => NLogLog.Info]: The server instance OMKServer has been stopped!
